<?xml version="1.0" encoding="UTF-8"?>
<!-- Generated by org.testng.reporters.JUnitXMLReporter -->
<testsuite ignored="1" hostname="PoojaSomwanshi" failures="0" tests="2" name="Car Loan" time="0.022" errors="0" timestamp="2026-03-22T15:43:51 IST">
  <testcase classname="Test.day3" name="APILoginCarLoan" time="0.001"/>
  <testcase classname="Test.day3" name="WebLoginCarLoan" time="0.003"/>
  <testcase classname="Test.day3" name="MobileLoginCarLoan" time="0.0">
    <ignored/>
  </testcase> <!-- MobileLoginCarLoan -->
</testsuite> <!-- Car Loan -->
