<?xml version="1.0" encoding="UTF-8"?>
<!-- Generated by org.testng.reporters.JUnitXMLReporter -->
<testsuite ignored="0" hostname="PoojaSomwanshi" failures="0" tests="3" name="Home Loan" time="0.014" errors="0" timestamp="2026-03-22T15:43:51 IST">
  <testcase classname="Test.day4" name="APILoginHomeLoan" time="0.001"/>
  <testcase classname="Test.day4" name="MobileLoginHomeLoan" time="0.004"/>
  <testcase classname="Test.day4" name="WebLoginHomeLoan" time="0.002"/>
</testsuite> <!-- Home Loan -->
