<?xml version="1.0" encoding="UTF-8"?>
<!-- Generated by org.testng.reporters.JUnitXMLReporter -->
<testsuite ignored="0" hostname="PoojaSomwanshi" failures="0" tests="4" name="PersonalLoan" time="0.078" errors="0" timestamp="2026-03-22T14:41:30 IST">
  <testcase classname="Test.day1" name="demo" time="0.016"/>
  <testcase classname="Test.day1" name="demo2" time="0.002"/>
  <testcase classname="Test.day2" name="demo" time="0.002"/>
  <testcase classname="Test.day2" name="demo2" time="0.002"/>
</testsuite> <!-- PersonalLoan -->
