<?xml version="1.0" encoding="UTF-8"?>
<!-- Generated by org.testng.reporters.JUnitXMLReporter -->
<testsuite ignored="1" hostname="PoojaSomwanshi" failures="0" tests="3" name="PersonalLoan" time="0.066" errors="0" timestamp="2026-03-22T15:43:51 IST">
  <testcase classname="Test.day1" name="demo" time="0.011"/>
  <testcase classname="Test.day2" name="demo" time="0.001"/>
  <testcase classname="Test.day2" name="demo2" time="0.003"/>
  <testcase classname="Test.day1" name="demo2" time="0.0">
    <ignored/>
  </testcase> <!-- demo2 -->
</testsuite> <!-- PersonalLoan -->
