<?xml version="1.0" encoding="UTF-8"?>
<!-- Generated by org.testng.reporters.JUnitXMLReporter -->
<testsuite ignored="0" hostname="PoojaSomwanshi" failures="0" tests="4" name="Test" time="0.046" errors="0" timestamp="2026-03-21T23:39:59 IST">
  <testcase classname="Test.day1" name="demo" time="0.008"/>
  <testcase classname="Test.day1" name="demo2" time="0.001"/>
  <testcase classname="Test.day2" name="demo" time="0.001"/>
  <testcase classname="Test.day2" name="demo2" time="0.001"/>
</testsuite> <!-- Test -->
