<?xml version="1.0" encoding="UTF-8"?>
<testng-results ignored="0" total="4" passed="4" failed="0" skipped="0">
  <reporter-output>
  </reporter-output>
  <suite started-at="2026-03-21T23:39:59 IST" name="Suite" finished-at="2026-03-21T23:39:59 IST" duration-ms="46">
    <groups>
    </groups>
    <test started-at="2026-03-21T23:39:59 IST" name="Test" finished-at="2026-03-21T23:39:59 IST" duration-ms="46">
      <class name="Test.day1">
        <test-method signature="demo()[pri:0, instance:Test.day1@79e2c065]" started-at="2026-03-21T23:39:59 IST" name="demo" finished-at="2026-03-21T23:39:59 IST" duration-ms="8" status="PASS">
          <reporter-output>
          </reporter-output>
        </test-method> <!-- demo -->
        <test-method signature="demo2()[pri:0, instance:Test.day1@79e2c065]" started-at="2026-03-21T23:39:59 IST" name="demo2" finished-at="2026-03-21T23:39:59 IST" duration-ms="1" status="PASS">
          <reporter-output>
          </reporter-output>
        </test-method> <!-- demo2 -->
      </class> <!-- Test.day1 -->
      <class name="Test.day2">
        <test-method signature="demo()[pri:0, instance:Test.day2@49ec71f8]" started-at="2026-03-21T23:39:59 IST" name="demo" finished-at="2026-03-21T23:39:59 IST" duration-ms="1" status="PASS">
          <reporter-output>
          </reporter-output>
        </test-method> <!-- demo -->
        <test-method signature="demo2()[pri:0, instance:Test.day2@49ec71f8]" started-at="2026-03-21T23:39:59 IST" name="demo2" finished-at="2026-03-21T23:39:59 IST" duration-ms="1" status="PASS">
          <reporter-output>
          </reporter-output>
        </test-method> <!-- demo2 -->
      </class> <!-- Test.day2 -->
    </test> <!-- Test -->
  </suite> <!-- Suite -->
</testng-results>
