<?xml version="1.0" encoding="UTF-8"?>
<!-- Generated by org.testng.reporters.JUnitReportReporter -->
<testsuite hostname="PoojaSomwanshi" failures="0" tests="3" name="Test.day4" time="0.007" errors="0" timestamp="2026-03-22T15:43:51 IST" skipped="0">
  <testcase classname="Test.day4" name="APILoginHomeLoan" time="0.001"/>
  <testcase classname="Test.day4" name="MobileLoginHomeLoan" time="0.004"/>
  <testcase classname="Test.day4" name="WebLoginHomeLoan" time="0.002"/>
</testsuite> <!-- Test.day4 -->
